2023-05-03 12:05:33 : info: running
2023-05-03 12:10:00 : info: running
2023-05-03 12:10:26 : info: running
2023-05-03 12:13:04 : info: running
2023-05-07 01:20:10 : info: running
2023-05-07 01:22:01 : info: running
2023-05-07 01:22:05 : info: running
2023-05-07 01:25:24 : info: running
2023-05-07 01:29:50 : info: running
2023-05-07 01:29:54 : info: running
2023-05-07 01:29:57 : info: running
2023-05-07 01:30:05 : info: running
2023-05-07 01:30:07 : info: running
2023-05-07 01:30:37 : info: running
2023-05-07 01:30:40 : info: running
2023-05-07 01:33:05 : info: running
2023-05-07 01:33:12 : info: running
2023-05-07 01:34:14 : info: running
2023-05-07 01:34:17 : info: running
2023-05-07 01:34:19 : info: running
2023-05-07 01:36:14 : info: running
2023-05-07 01:37:41 : info: running
2023-05-07 01:37:46 : info: running
2023-05-07 01:38:06 : info: running
2023-05-07 01:38:09 : info: running
2023-05-07 01:38:23 : info: running
2023-05-07 01:38:26 : info: running
2023-05-07 01:42:14 : info: running
2023-05-07 01:42:32 : info: running
2023-05-07 01:42:35 : info: running
2023-05-07 01:42:55 : info: running
2023-05-07 01:43:01 : info: running
2023-05-07 01:43:03 : info: running
2023-05-07 01:44:04 : info: running
2023-05-07 01:45:01 : info: running
2023-05-07 01:45:11 : info: running
2023-05-07 01:45:12 : info: running
2023-05-07 01:45:49 : info: running
2023-05-07 01:45:51 : info: running
2023-05-07 01:46:09 : info: running
2023-05-07 01:47:54 : info: running
2023-05-07 01:48:00 : info: running
2023-05-07 01:48:03 : info: running
2023-05-07 01:50:47 : info: running
2023-05-07 01:53:35 : info: running
2023-05-07 19:30:22 : info: running
2023-05-07 19:30:26 : info: running
2023-05-07 19:30:34 : info: 
2023-05-07 19:30:34 : info: running
2023-05-07 19:30:37 : info: inside
2023-05-07 19:30:37 : info: running
2023-05-07 19:30:42 : info: inside v
2023-05-07 19:30:42 : info: running
2023-05-07 19:30:49 : info: inside v1 routes
2023-05-07 19:30:50 : info: running
2023-05-07 19:30:58 : info: inside v1 routes
2023-05-07 19:30:58 : info: inside v1 routes
2023-05-07 19:30:58 : info: running
2023-05-07 19:31:02 : info: inside airplane routes
2023-05-07 19:31:02 : info: inside v1 routes
2023-05-07 19:31:02 : info: running
2023-05-07 19:31:56 : info: inside airplane routes
2023-05-07 19:31:56 : info: inside v1 routes
2023-05-07 19:31:56 : info: running
2023-05-07 19:35:57 : info: inside airplane routes
2023-05-07 19:35:57 : info: inside v1 routes
2023-05-07 19:35:57 : info: running
2023-05-07 19:36:00 : info: inside airplane routes
2023-05-07 19:36:00 : info: inside v1 routes
2023-05-07 19:36:00 : info: running
2023-05-07 19:36:04 : info: inside airplane routes
2023-05-07 19:36:04 : info: inside v1 routes
2023-05-07 19:36:04 : info: running
2023-05-07 19:40:26 : info: inside airplane routes
2023-05-07 19:40:26 : info: inside v1 routes
2023-05-07 19:40:26 : info: running
2023-05-07 19:49:26 : info: inside airplane routes
2023-05-07 19:49:26 : info: inside v1 routes
2023-05-07 19:49:26 : info: running
2023-05-07 19:49:29 : info: inside airplane routes
2023-05-07 19:49:29 : info: inside v1 routes
2023-05-07 19:49:29 : info: running
2023-05-07 19:49:32 : info: inside airplane routes
2023-05-07 19:49:32 : info: inside v1 routes
2023-05-07 19:49:32 : info: running
2023-05-07 19:49:34 : info: inside airplane routes
2023-05-07 19:49:34 : info: inside v1 routes
2023-05-07 19:49:34 : info: running
2023-05-07 19:49:38 : info: inside airplane routes
2023-05-07 19:49:38 : info: inside v1 routes
2023-05-07 19:49:38 : info: running
2023-05-07 19:49:41 : info: inside airplane routes
2023-05-07 19:49:41 : info: inside v1 routes
2023-05-07 19:49:41 : info: running
2023-05-07 19:50:04 : info: inside airplane routes
2023-05-07 19:50:04 : info: inside v1 routes
2023-05-07 19:50:04 : info: running
2023-05-07 19:50:20 : info: inside airplane routes
2023-05-07 19:50:20 : info: inside v1 routes
2023-05-07 19:50:20 : info: running
2023-05-07 20:00:24 : info: inside airplane routes
2023-05-07 20:00:24 : info: inside v1 routes
2023-05-07 20:00:24 : info: running
2023-05-07 20:00:25 : info: inside airplane routes
2023-05-07 20:00:25 : info: inside v1 routes
2023-05-07 20:00:25 : info: running
2023-05-07 20:00:28 : info: inside airplane routes
2023-05-07 20:00:28 : info: inside v1 routes
2023-05-07 20:00:28 : info: running
2023-05-07 20:00:31 : info: inside airplane routes
2023-05-07 20:00:31 : info: inside v1 routes
2023-05-07 20:00:31 : info: running
2023-05-07 22:33:12 : info: inside airplane routes
2023-05-07 22:33:12 : info: inside v1 routes
2023-05-07 22:33:12 : info: running
2023-05-07 22:33:29 : info: inside airplane routes
2023-05-07 22:33:29 : info: inside v1 routes
2023-05-07 22:33:29 : info: running
2023-05-07 22:33:36 : info: inside airplane routes
2023-05-07 22:33:36 : info: inside v1 routes
2023-05-07 22:33:36 : info: running
2023-05-07 22:33:45 : info: inside airplane routes
2023-05-07 22:33:45 : info: inside v1 routes
2023-05-07 22:33:45 : info: running
2023-05-07 22:35:39 : info: inside airplane routes
2023-05-07 22:35:39 : info: inside v1 routes
2023-05-07 22:35:39 : info: running
2023-05-07 22:35:54 : info: inside airplane routes
2023-05-07 22:35:54 : info: inside v1 routes
2023-05-07 22:35:54 : info: running
2023-05-07 22:35:56 : info: inside airplane routes
2023-05-07 22:35:56 : info: inside v1 routes
2023-05-07 22:35:56 : info: running
2023-05-07 22:35:57 : info: inside airplane routes
2023-05-07 22:35:57 : info: inside v1 routes
2023-05-07 22:35:57 : info: running
2023-05-07 22:35:59 : info: inside airplane routes
2023-05-07 22:35:59 : info: inside v1 routes
2023-05-07 22:35:59 : info: running
2023-05-07 22:36:03 : info: inside airplane routes
2023-05-07 22:36:03 : info: inside v1 routes
2023-05-07 22:36:03 : info: running
2023-05-07 22:36:05 : info: inside airplane routes
2023-05-07 22:36:05 : info: inside v1 routes
2023-05-07 22:36:06 : info: running
2023-05-07 22:36:07 : info: inside airplane routes
2023-05-07 22:36:07 : info: inside v1 routes
2023-05-07 22:36:07 : info: running
2023-05-07 22:36:09 : info: inside airplane routes
2023-05-07 22:36:09 : info: inside v1 routes
2023-05-07 22:36:09 : info: running
2023-05-07 22:36:18 : info: inside airplane routes
2023-05-07 22:36:18 : info: inside v1 routes
2023-05-07 22:36:18 : info: running
2023-05-07 22:36:19 : info: inside airplane routes
2023-05-07 22:36:19 : info: inside v1 routes
2023-05-07 22:36:19 : info: running
2023-05-07 22:36:21 : info: inside airplane routes
2023-05-07 22:36:21 : info: inside v1 routes
2023-05-07 22:36:21 : info: running
2023-05-07 22:36:24 : info: inside airplane routes
2023-05-07 22:36:24 : info: inside v1 routes
2023-05-07 22:36:24 : info: running
2023-05-07 22:36:29 : info: inside airplane routes
2023-05-07 22:36:29 : info: inside v1 routes
2023-05-07 22:36:29 : info: running
2023-05-07 22:36:32 : info: inside airplane routes
2023-05-07 22:36:32 : info: inside v1 routes
2023-05-07 22:36:32 : info: running
2023-05-07 22:36:44 : info: inside airplane routes
2023-05-07 22:36:44 : info: inside v1 routes
2023-05-07 22:36:44 : info: running
2023-05-07 22:36:47 : info: inside airplane routes
2023-05-07 22:36:47 : info: inside v1 routes
2023-05-07 22:36:47 : info: running
2023-05-07 22:36:50 : info: inside airplane routes
2023-05-07 22:36:50 : info: inside v1 routes
2023-05-07 22:36:50 : info: running
2023-05-07 22:36:52 : info: inside airplane routes
2023-05-07 22:36:52 : info: inside v1 routes
2023-05-07 22:36:52 : info: running
2023-05-07 22:36:58 : info: inside airplane routes
2023-05-07 22:36:58 : info: inside v1 routes
2023-05-07 22:36:58 : info: running
2023-05-07 22:37:02 : info: inside airplane routes
2023-05-07 22:37:02 : info: inside v1 routes
2023-05-07 22:37:02 : info: running
2023-05-07 22:37:06 : info: inside airplane routes
2023-05-07 22:37:06 : info: inside v1 routes
2023-05-07 22:37:06 : info: running
2023-05-07 22:37:18 : info: inside airplane routes
2023-05-07 22:37:18 : info: inside v1 routes
2023-05-07 22:37:19 : info: running
2023-05-07 22:37:38 : info: inside airplane routes
2023-05-07 22:37:38 : info: inside v1 routes
2023-05-07 22:37:38 : info: running
2023-05-07 22:37:40 : info: inside airplane routes
2023-05-07 22:37:40 : info: inside v1 routes
2023-05-07 22:37:40 : info: running
2023-05-07 22:37:43 : info: inside airplane routes
2023-05-07 22:37:43 : info: inside v1 routes
2023-05-07 22:37:43 : info: running
2023-05-07 22:37:50 : info: inside airplane routes
2023-05-07 22:37:50 : info: inside v1 routes
2023-05-07 22:37:50 : info: running
2023-05-07 22:37:53 : info: inside airplane routes
2023-05-07 22:37:53 : info: inside v1 routes
2023-05-07 22:37:53 : info: running
2023-05-07 22:38:01 : info: inside airplane routes
2023-05-07 22:38:01 : info: inside v1 routes
2023-05-07 22:38:01 : info: running
2023-05-07 22:38:14 : info: inside airplane routes
2023-05-07 22:38:14 : info: inside v1 routes
2023-05-07 22:38:14 : info: running
2023-05-07 22:38:18 : info: inside airplane routes
2023-05-07 22:38:18 : info: inside v1 routes
2023-05-07 22:38:18 : info: running
2023-05-07 22:38:20 : info: inside airplane routes
2023-05-07 22:38:20 : info: inside v1 routes
2023-05-07 22:38:20 : info: running
2023-05-07 22:38:22 : info: inside airplane routes
2023-05-07 22:38:22 : info: inside v1 routes
2023-05-07 22:38:22 : info: running
2023-05-07 22:38:25 : info: inside airplane routes
2023-05-07 22:38:25 : info: inside v1 routes
2023-05-07 22:38:25 : info: running
2023-05-07 22:38:26 : info: inside airplane routes
2023-05-07 22:38:26 : info: inside v1 routes
2023-05-07 22:38:26 : info: running
2023-05-07 22:38:28 : info: inside airplane routes
2023-05-07 22:38:28 : info: inside v1 routes
2023-05-07 22:38:28 : info: running
2023-05-07 22:38:32 : info: inside airplane routes
2023-05-07 22:38:32 : info: inside v1 routes
2023-05-07 22:38:32 : info: running
2023-05-07 22:38:35 : info: inside airplane routes
2023-05-07 22:38:36 : info: inside v1 routes
2023-05-07 22:38:36 : info: running
2023-05-07 22:38:39 : info: inside airplane routes
2023-05-07 22:38:39 : info: inside v1 routes
2023-05-07 22:38:39 : info: running
2023-05-07 22:38:41 : info: inside airplane routes
2023-05-07 22:38:41 : info: inside v1 routes
2023-05-07 22:38:41 : info: running
2023-05-07 22:38:43 : info: inside airplane routes
2023-05-07 22:38:43 : info: inside v1 routes
2023-05-07 22:38:43 : info: running
2023-05-07 22:38:49 : info: inside airplane routes
2023-05-07 22:38:49 : info: inside v1 routes
2023-05-07 22:38:49 : info: running
2023-05-07 22:38:54 : info: inside airplane routes
2023-05-07 22:38:54 : info: inside v1 routes
2023-05-07 22:38:54 : info: running
2023-05-07 22:38:56 : info: inside airplane routes
2023-05-07 22:38:56 : info: inside v1 routes
2023-05-07 22:38:56 : info: running
2023-05-07 22:38:58 : info: inside airplane routes
2023-05-07 22:38:58 : info: inside v1 routes
2023-05-07 22:38:58 : info: running
2023-05-07 22:39:51 : info: inside airplane routes
2023-05-07 22:39:51 : info: inside v1 routes
2023-05-07 22:39:51 : info: running
2023-05-07 22:39:54 : info: inside airplane routes
2023-05-07 22:39:54 : info: inside v1 routes
2023-05-07 22:39:54 : info: running
2023-05-07 22:39:58 : info: inside airplane routes
2023-05-07 22:39:58 : info: inside v1 routes
2023-05-07 22:39:58 : info: running
2023-05-07 22:41:16 : info: inside airplane routes
2023-05-07 22:41:16 : info: inside v1 routes
2023-05-07 22:41:16 : info: running
2023-05-07 22:41:31 : info: inside airplane routes
2023-05-07 22:41:31 : info: inside v1 routes
2023-05-07 22:41:31 : info: running
2023-05-07 22:41:36 : info: inside airplane routes
2023-05-07 22:41:36 : info: inside v1 routes
2023-05-07 22:41:36 : info: running
2023-05-07 22:41:51 : info: inside airplane routes
2023-05-07 22:41:51 : info: inside v1 routes
2023-05-07 22:41:51 : info: running
2023-05-07 22:42:05 : info: inside airplane routes
2023-05-07 22:42:05 : info: inside v1 routes
2023-05-07 22:42:05 : info: running
2023-05-07 22:42:15 : info: inside airplane routes
2023-05-07 22:42:15 : info: inside v1 routes
2023-05-07 22:42:15 : info: running
2023-05-07 22:43:38 : info: inside airplane routes
2023-05-07 22:43:38 : info: inside v1 routes
2023-05-07 22:43:38 : info: running
2023-05-07 22:43:50 : info: inside airplane routes
2023-05-07 22:43:50 : info: inside v1 routes
2023-05-07 22:43:50 : info: running
2023-05-07 22:43:53 : info: inside airplane routes
2023-05-07 22:43:53 : info: inside v1 routes
2023-05-07 22:43:53 : info: running
2023-05-07 22:43:56 : info: inside airplane routes
2023-05-07 22:43:56 : info: inside v1 routes
2023-05-07 22:43:56 : info: running
2023-05-07 22:45:51 : info: inside airplane routes
2023-05-07 22:45:51 : info: inside v1 routes
2023-05-07 22:45:51 : info: running
2023-05-07 22:45:53 : info: inside airplane routes
2023-05-07 22:45:53 : info: inside v1 routes
2023-05-07 22:45:53 : info: running
2023-05-07 22:45:56 : info: inside airplane routes
2023-05-07 22:45:56 : info: inside v1 routes
2023-05-07 22:45:56 : info: running
2023-05-07 22:45:57 : info: inside airplane routes
2023-05-07 22:45:57 : info: inside v1 routes
2023-05-07 22:45:57 : info: running
2023-05-07 22:48:03 : info: inside airplane routes
2023-05-07 22:48:03 : info: inside v1 routes
2023-05-07 22:48:03 : info: running
2023-05-07 22:48:10 : info: inside airplane routes
2023-05-07 22:48:10 : info: inside v1 routes
2023-05-07 22:48:10 : info: running
2023-05-07 22:48:18 : info: inside airplane routes
2023-05-07 22:48:18 : info: inside v1 routes
2023-05-07 22:48:18 : info: running
2023-05-07 22:48:28 : info: inside airplane routes
2023-05-07 22:48:28 : info: inside v1 routes
2023-05-07 22:48:28 : info: running
2023-05-07 22:48:38 : info: inside airplane routes
2023-05-07 22:48:38 : info: inside v1 routes
2023-05-07 22:48:38 : info: running
2023-05-07 22:48:43 : info: inside airplane routes
2023-05-07 22:48:43 : info: inside v1 routes
2023-05-07 22:48:43 : info: running
2023-05-07 22:48:48 : info: inside airplane routes
2023-05-07 22:48:48 : info: inside v1 routes
2023-05-07 22:48:48 : info: running
2023-05-07 22:48:51 : info: inside airplane routes
2023-05-07 22:48:51 : info: inside v1 routes
2023-05-07 22:48:51 : info: running
2023-05-07 22:48:54 : info: inside airplane routes
2023-05-07 22:48:54 : info: inside v1 routes
2023-05-07 22:48:54 : info: running
2023-05-07 22:48:55 : info: inside airplane routes
2023-05-07 22:48:55 : info: inside v1 routes
2023-05-07 22:48:55 : info: running
2023-05-07 22:49:00 : info: inside airplane routes
2023-05-07 22:49:00 : info: inside v1 routes
2023-05-07 22:49:00 : info: running
2023-05-07 22:49:02 : info: inside airplane routes
2023-05-07 22:49:02 : info: inside v1 routes
2023-05-07 22:49:02 : info: running
2023-05-07 22:49:05 : info: inside airplane routes
2023-05-07 22:49:05 : info: inside v1 routes
2023-05-07 22:49:05 : info: running
2023-05-07 22:49:09 : info: inside airplane routes
2023-05-07 22:49:09 : info: inside v1 routes
2023-05-07 22:49:09 : info: running
2023-05-07 22:49:12 : info: inside airplane routes
2023-05-07 22:49:12 : info: inside v1 routes
2023-05-07 22:49:12 : info: running
2023-05-07 22:49:18 : info: inside airplane routes
2023-05-07 22:49:18 : info: inside v1 routes
2023-05-07 22:49:18 : info: running
2023-05-07 22:49:23 : info: inside airplane routes
2023-05-07 22:49:23 : info: inside v1 routes
2023-05-07 22:49:23 : info: running
2023-05-07 22:49:24 : info: inside airplane routes
2023-05-07 22:49:24 : info: inside v1 routes
2023-05-07 22:49:24 : info: running
2023-05-07 22:49:26 : info: inside airplane routes
2023-05-07 22:49:26 : info: inside v1 routes
2023-05-07 22:49:26 : info: running
2023-05-07 22:49:28 : info: inside airplane routes
2023-05-07 22:49:28 : info: inside v1 routes
2023-05-07 22:49:28 : info: running
2023-05-07 22:49:30 : info: inside airplane routes
2023-05-07 22:49:30 : info: inside v1 routes
2023-05-07 22:49:30 : info: running
2023-05-07 22:49:32 : info: inside airplane routes
2023-05-07 22:49:32 : info: inside v1 routes
2023-05-07 22:49:32 : info: running
2023-05-07 22:49:33 : info: inside airplane routes
2023-05-07 22:49:33 : info: inside v1 routes
2023-05-07 22:49:34 : info: running
2023-05-07 22:49:37 : info: inside airplane routes
2023-05-07 22:49:37 : info: inside v1 routes
2023-05-07 22:49:37 : info: running
2023-05-07 22:49:40 : info: inside airplane routes
2023-05-07 22:49:40 : info: inside v1 routes
2023-05-07 22:49:40 : info: running
2023-05-07 22:49:47 : info: inside airplane routes
2023-05-07 22:49:47 : info: inside v1 routes
2023-05-07 22:49:47 : info: running
2023-05-07 22:49:49 : info: inside airplane routes
2023-05-07 22:49:49 : info: inside v1 routes
2023-05-07 22:49:49 : info: running
2023-05-07 22:49:52 : info: inside airplane routes
2023-05-07 22:49:52 : info: inside v1 routes
2023-05-07 22:49:52 : info: running
2023-05-07 22:49:56 : info: inside airplane routes
2023-05-07 22:49:56 : info: inside v1 routes
2023-05-07 22:49:56 : info: running
2023-05-07 22:49:57 : info: inside airplane routes
2023-05-07 22:49:57 : info: inside v1 routes
2023-05-07 22:49:57 : info: running
2023-05-07 22:50:00 : info: inside airplane routes
2023-05-07 22:50:00 : info: inside v1 routes
2023-05-07 22:50:00 : info: running
2023-05-07 22:50:04 : info: inside airplane routes
2023-05-07 22:50:04 : info: inside v1 routes
2023-05-07 22:50:04 : info: running
2023-05-07 22:50:07 : info: inside airplane routes
2023-05-07 22:50:07 : info: inside v1 routes
2023-05-07 22:50:07 : info: running
2023-05-07 22:50:11 : info: inside airplane routes
2023-05-07 22:50:11 : info: inside v1 routes
2023-05-07 22:50:11 : info: running
2023-05-07 22:50:14 : info: inside airplane routes
2023-05-07 22:50:14 : info: inside v1 routes
2023-05-07 22:50:14 : info: running
2023-05-07 22:50:17 : info: inside airplane routes
2023-05-07 22:50:17 : info: inside v1 routes
2023-05-07 22:50:17 : info: running
2023-05-07 22:50:21 : info: inside airplane routes
2023-05-07 22:50:21 : info: inside v1 routes
2023-05-07 22:50:21 : info: running
2023-05-07 22:50:33 : info: inside airplane routes
2023-05-07 22:50:33 : info: inside v1 routes
2023-05-07 22:50:33 : info: running
2023-05-07 22:50:35 : info: inside airplane routes
2023-05-07 22:50:35 : info: inside v1 routes
2023-05-07 22:50:35 : info: running
2023-05-07 22:50:37 : info: inside airplane routes
2023-05-07 22:50:37 : info: inside v1 routes
2023-05-07 22:50:37 : info: running
2023-05-07 22:50:39 : info: inside airplane routes
2023-05-07 22:50:39 : info: inside v1 routes
2023-05-07 22:50:39 : info: running
2023-05-07 22:50:41 : info: inside airplane routes
2023-05-07 22:50:41 : info: inside v1 routes
2023-05-07 22:50:41 : info: running
2023-05-07 22:50:45 : info: inside airplane routes
2023-05-07 22:50:45 : info: inside v1 routes
2023-05-07 22:50:45 : info: running
2023-05-07 22:50:47 : info: inside airplane routes
2023-05-07 22:50:47 : info: inside v1 routes
2023-05-07 22:50:47 : info: running
2023-05-07 22:50:53 : info: inside airplane routes
2023-05-07 22:50:53 : info: inside v1 routes
2023-05-07 22:50:53 : info: running
2023-05-07 22:50:56 : info: inside airplane routes
2023-05-07 22:50:56 : info: inside v1 routes
2023-05-07 22:50:56 : info: running
2023-05-07 22:50:58 : info: inside airplane routes
2023-05-07 22:50:58 : info: inside v1 routes
2023-05-07 22:50:58 : info: running
2023-05-07 22:51:00 : info: inside airplane routes
2023-05-07 22:51:00 : info: inside v1 routes
2023-05-07 22:51:00 : info: running
2023-05-07 22:51:02 : info: inside airplane routes
2023-05-07 22:51:02 : info: inside v1 routes
2023-05-07 22:51:02 : info: running
2023-05-07 22:51:03 : info: inside airplane routes
2023-05-07 22:51:03 : info: inside v1 routes
2023-05-07 22:51:03 : info: running
2023-05-07 22:51:06 : info: inside airplane routes
2023-05-07 22:51:06 : info: inside v1 routes
2023-05-07 22:51:06 : info: running
2023-05-07 22:51:11 : info: inside airplane routes
2023-05-07 22:51:11 : info: inside v1 routes
2023-05-07 22:51:11 : info: running
2023-05-07 22:51:24 : info: inside airplane routes
2023-05-07 22:51:24 : info: inside v1 routes
2023-05-07 22:51:24 : info: running
2023-05-07 22:51:26 : info: inside airplane routes
2023-05-07 22:51:27 : info: inside v1 routes
2023-05-07 22:51:27 : info: running
2023-05-07 22:51:32 : info: inside airplane routes
2023-05-07 22:51:32 : info: inside v1 routes
2023-05-07 22:51:32 : info: running
2023-05-07 22:51:44 : info: inside airplane routes
2023-05-07 22:51:44 : info: inside v1 routes
2023-05-07 22:51:44 : info: running
2023-05-07 22:51:48 : info: inside airplane routes
2023-05-07 22:51:48 : info: inside v1 routes
2023-05-07 22:51:48 : info: running
2023-05-07 22:51:56 : info: inside airplane routes
2023-05-07 22:51:56 : info: inside v1 routes
2023-05-07 22:51:56 : info: running
2023-05-07 22:51:58 : info: inside airplane routes
2023-05-07 22:51:58 : info: inside v1 routes
2023-05-07 22:51:58 : info: running
2023-05-07 22:52:02 : info: inside airplane routes
2023-05-07 22:52:02 : info: inside v1 routes
2023-05-07 22:52:02 : info: running
2023-05-07 22:52:09 : info: inside airplane routes
2023-05-07 22:52:09 : info: inside v1 routes
2023-05-07 22:52:09 : info: running
2023-05-07 22:52:19 : info: inside airplane routes
2023-05-07 22:52:19 : info: inside v1 routes
2023-05-07 22:52:19 : info: running
2023-05-07 22:52:26 : info: inside airplane routes
2023-05-07 22:52:26 : info: inside v1 routes
2023-05-07 22:52:26 : info: running
2023-05-07 22:52:28 : info: inside airplane routes
2023-05-07 22:52:28 : info: inside v1 routes
2023-05-07 22:52:28 : info: running
2023-05-07 22:52:32 : info: inside airplane routes
2023-05-07 22:52:32 : info: inside v1 routes
2023-05-07 22:52:32 : info: running
2023-05-07 22:52:34 : info: inside airplane routes
2023-05-07 22:52:34 : info: inside v1 routes
2023-05-07 22:52:34 : info: running
2023-05-07 22:52:39 : info: inside airplane routes
2023-05-07 22:52:39 : info: inside v1 routes
2023-05-07 22:52:39 : info: running
2023-05-07 22:52:45 : info: inside airplane routes
2023-05-07 22:52:45 : info: inside v1 routes
2023-05-07 22:52:45 : info: running
2023-05-07 22:52:48 : info: inside airplane routes
2023-05-07 22:52:48 : info: inside v1 routes
2023-05-07 22:52:48 : info: running
2023-05-07 22:52:51 : info: inside airplane routes
2023-05-07 22:52:51 : info: inside v1 routes
2023-05-07 22:52:51 : info: running
2023-05-07 22:53:10 : info: inside airplane routes
2023-05-07 22:53:10 : info: inside v1 routes
2023-05-07 22:53:10 : info: running
2023-05-07 22:53:12 : info: inside airplane routes
2023-05-07 22:53:12 : info: inside v1 routes
2023-05-07 22:53:12 : info: running
2023-05-07 22:53:13 : info: inside airplane routes
2023-05-07 22:53:13 : info: inside v1 routes
2023-05-07 22:53:13 : info: running
2023-05-07 22:53:17 : info: inside airplane routes
2023-05-07 22:53:17 : info: inside v1 routes
2023-05-07 22:53:17 : info: running
2023-05-07 22:53:24 : info: inside airplane routes
2023-05-07 22:53:24 : info: inside v1 routes
2023-05-07 22:53:24 : info: running
2023-05-07 22:55:19 : info: inside airplane routes
2023-05-07 22:55:19 : info: inside v1 routes
2023-05-07 22:55:19 : info: running
2023-05-07 22:55:25 : info: inside airplane routes
2023-05-07 22:55:25 : info: inside v1 routes
2023-05-07 22:55:25 : info: running
2023-05-07 22:56:00 : info: inside airplane routes
2023-05-07 22:56:00 : info: inside v1 routes
2023-05-07 22:56:00 : info: running
2023-05-07 22:56:14 : info: inside airplane routes
2023-05-07 22:56:14 : info: inside v1 routes
2023-05-07 22:56:14 : info: running
2023-05-11 23:27:20 : info: inside airplane routes
2023-05-11 23:27:20 : info: inside v1 routes
2023-05-11 23:27:20 : info: running
